<?xml version="1.0" encoding="UTF-8"?>
<testng-results skipped="0" failed="0" ignored="0" total="1" passed="1">
  <reporter-output>
  </reporter-output>
  <suite name="Default suite" duration-ms="49133" started-at="2020-08-11T13:53:02Z" finished-at="2020-08-11T13:53:51Z">
    <groups>
    </groups>
    <test name="Default test" duration-ms="49133" started-at="2020-08-11T13:53:02Z" finished-at="2020-08-11T13:53:51Z">
      <class name="Test.TestCases">
        <test-method status="PASS" signature="initDriver()[pri:0, instance:Test.TestCases@16c48ac]" name="initDriver" is-config="true" duration-ms="19999" started-at="2020-08-11T13:53:02Z" finished-at="2020-08-11T13:53:22Z">
          <reporter-output>
          </reporter-output>
        </test-method> <!-- initDriver -->
        <test-method status="PASS" signature="Testpages()[pri:0, instance:Test.TestCases@16c48ac]" name="Testpages" duration-ms="29089" started-at="2020-08-11T13:53:22Z" finished-at="2020-08-11T13:53:51Z">
          <reporter-output>
          </reporter-output>
        </test-method> <!-- Testpages -->
      </class> <!-- Test.TestCases -->
    </test> <!-- Default test -->
  </suite> <!-- Default suite -->
</testng-results>
